<?xml version="1.0" encoding="UTF-8"?>
<testsuites>
  <testsuite name="CI 2.0 FDS Tests" tests="1" assertions="1" failures="1" errors="0" time="0.014167">
    <testsuite name="Post_Test" file="/Users/facedigital/Documents/Techlunch/QA - Garantindo Qualidade nos projetos de software/phpunit-ci2/tests/models/Post_Test.php" tests="1" assertions="1" failures="1" errors="0" time="0.014167">
      <testcase name="testCountPosts" class="Post_Test" file="/Users/facedigital/Documents/Techlunch/QA - Garantindo Qualidade nos projetos de software/phpunit-ci2/tests/models/Post_Test.php" line="13" assertions="1" time="0.014167">
        <failure type="PHPUnit_Framework_ExpectationFailedException">Post_Test::testCountPosts
Failed asserting that 2 matches expected 1.

/Users/facedigital/Documents/Techlunch/QA - Garantindo Qualidade nos projetos de software/phpunit-ci2/tests/models/Post_Test.php:17
</failure>
      </testcase>
    </testsuite>
  </testsuite>
</testsuites>
